#
# There is insufficient memory for the Java Runtime Environment to continue.
# Native memory allocation (malloc) failed to allocate 1048576 bytes. Error detail: AllocateHeap
# Possible reasons:
#   The system is out of physical RAM or swap space
#   This process is running with CompressedOops enabled, and the Java Heap may be blocking the growth of the native heap
# Possible solutions:
#   Reduce memory load on the system
#   Increase physical memory or swap space
#   Check if swap backing store is full
#   Decrease Java heap size (-Xmx/-Xms)
#   Decrease number of Java threads
#   Decrease Java thread stack sizes (-Xss)
#   Set larger code cache with -XX:ReservedCodeCacheSize=
#   JVM is running with Unscaled Compressed Oops mode in which the Java heap is
#     placed in the first 4GB address space. The Java Heap base address is the
#     maximum limit for the native heap growth. Please use -XX:HeapBaseMinAddress
#     to set the Java Heap base and to place the Java Heap above 4GB virtual address.
# This output file may be truncated or incomplete.
#
#  Out of Memory Error (allocation.cpp:44), pid=20172, tid=20004
#
# JRE version: OpenJDK Runtime Environment Temurin-21.0.8+9 (21.0.8+9) (build 21.0.8+9-LTS)
# Java VM: OpenJDK 64-Bit Server VM Temurin-21.0.8+9 (21.0.8+9-LTS, mixed mode, sharing, tiered, compressed oops, compressed class ptrs, parallel gc, windows-amd64)
# No core dump will be written. Minidumps are not enabled by default on client versions of Windows
#

---------------  S U M M A R Y ------------

Command Line: --add-modules=ALL-SYSTEM --add-opens=java.base/java.util=ALL-UNNAMED --add-opens=java.base/java.lang=ALL-UNNAMED --add-opens=java.base/sun.nio.fs=ALL-UNNAMED -Declipse.application=org.eclipse.jdt.ls.core.id1 -Dosgi.bundles.defaultStartLevel=4 -Declipse.product=org.eclipse.jdt.ls.core.product -Djava.import.generatesMetadataFilesAtProjectRoot=false -DDetectVMInstallationsJob.disabled=true -Dfile.encoding=utf8 -XX:+UseParallelGC -XX:GCTimeRatio=4 -XX:AdaptiveSizePolicyWeight=90 -Dsun.zip.disableMemoryMapping=true -Xmx2G -Xms100m -Xlog:disable -javaagent:c:\Users\84934\.vscode\extensions\redhat.java-1.44.0-win32-x64\lombok\lombok-1.18.39-4050.jar -XX:+HeapDumpOnOutOfMemoryError -XX:HeapDumpPath=c:\Users\84934\AppData\Roaming\Code\User\workspaceStorage\afe4984dbe1ab0e76ba5fdadc2a63858\redhat.java -Daether.dependencyCollector.impl=bf c:\Users\84934\.vscode\extensions\redhat.java-1.44.0-win32-x64\server\plugins\org.eclipse.equinox.launcher_1.7.0.v20250519-0528.jar -configuration c:\Users\84934\AppData\Roaming\Code\User\globalStorage\redhat.java\1.44.0\config_win -data c:\Users\84934\AppData\Roaming\Code\User\workspaceStorage\afe4984dbe1ab0e76ba5fdadc2a63858\redhat.java\jdt_ws --pipe=\\.\pipe\lsp-d23102e9fd82a775fdae65de7986d98a-sock

Host: 11th Gen Intel(R) Core(TM) i5-11400H @ 2.70GHz, 12 cores, 7G,  Windows 11 , 64 bit Build 26100 (10.0.26100.4768)
Time: Thu Aug 28 18:23:33 2025 SE Asia Standard Time elapsed time: 7907.774941 seconds (0d 2h 11m 47s)

---------------  T H R E A D  ---------------

Current thread (0x0000029a82f3b380):  JavaThread "Attach Listener" daemon [_thread_in_vm, id=20004, stack(0x000000c349f00000,0x000000c34a000000) (1024K)]

Stack: [0x000000c349f00000,0x000000c34a000000]
Native frames: (J=compiled Java code, j=interpreted, Vv=VM code, C=native code)
V  [jvm.dll+0x6d2449]
V  [jvm.dll+0x8ae341]
V  [jvm.dll+0x8b08be]
V  [jvm.dll+0x8b0fa3]
V  [jvm.dll+0x280c96]
V  [jvm.dll+0xc0347]
V  [jvm.dll+0x6d2cf9]
V  [jvm.dll+0x131116]
V  [jvm.dll+0x3f2d16]
V  [jvm.dll+0x857e6b]
V  [jvm.dll+0x6d0b0d]
C  [ucrtbase.dll+0x37b0]
C  [KERNEL32.DLL+0x2e8d7]
C  [ntdll.dll+0x3c34c]


---------------  P R O C E S S  ---------------

Threads class SMR info:
_java_thread_list=0x0000029af0378350, length=38, elements={
0x0000029a82f945b0, 0x0000029a8303af90, 0x0000029a8303b8a0, 0x0000029a82f3a730,
0x0000029a82f3b380, 0x0000029a82f3dee0, 0x0000029a82f3e930, 0x0000029a8303e780,
0x0000029a8304c7c0, 0x0000029adbdf12d0, 0x0000029adc0c9940, 0x0000029ae12d8de0,
0x0000029ae159d290, 0x0000029adbd6b6c0, 0x0000029ae15fad40, 0x0000029ae18e5de0,
0x0000029ae14ae380, 0x0000029ae176e7a0, 0x0000029ae176f4c0, 0x0000029ae176c6d0,
0x0000029ae4323660, 0x0000029ae4321590, 0x0000029ae4321c20, 0x0000029ae43222b0,
0x0000029ae4322940, 0x0000029ae4322fd0, 0x0000029ae4323cf0, 0x0000029ae4324380,
0x0000029ae4324a10, 0x0000029ae4405240, 0x0000029ae44079a0, 0x0000029ae44058d0,
0x0000029ae4406c80, 0x0000029ae4407310, 0x0000029ae4408030, 0x0000029ae4405f60,
0x0000029ae44086c0, 0x0000029ae45fb6f0
}

Java Threads: ( => current thread )
  0x0000029a82f945b0 JavaThread "main"                              [_thread_blocked, id=19804, stack(0x000000c349800000,0x000000c349900000) (1024K)]
  0x0000029a8303af90 JavaThread "Reference Handler"          daemon [_thread_blocked, id=19872, stack(0x000000c349c00000,0x000000c349d00000) (1024K)]
  0x0000029a8303b8a0 JavaThread "Finalizer"                  daemon [_thread_blocked, id=19472, stack(0x000000c349d00000,0x000000c349e00000) (1024K)]
  0x0000029a82f3a730 JavaThread "Signal Dispatcher"          daemon [_thread_blocked, id=19988, stack(0x000000c349e00000,0x000000c349f00000) (1024K)]
=>0x0000029a82f3b380 JavaThread "Attach Listener"            daemon [_thread_in_vm, id=20004, stack(0x000000c349f00000,0x000000c34a000000) (1024K)]
  0x0000029a82f3dee0 JavaThread "Service Thread"             daemon [_thread_blocked, id=19780, stack(0x000000c34a000000,0x000000c34a100000) (1024K)]
  0x0000029a82f3e930 JavaThread "Monitor Deflation Thread"   daemon [_thread_blocked, id=20264, stack(0x000000c34a100000,0x000000c34a200000) (1024K)]
  0x0000029a8303e780 JavaThread "C2 CompilerThread0"         daemon [_thread_blocked, id=20008, stack(0x000000c34a200000,0x000000c34a300000) (1024K)]
  0x0000029a8304c7c0 JavaThread "C1 CompilerThread0"         daemon [_thread_blocked, id=17028, stack(0x000000c34a300000,0x000000c34a400000) (1024K)]
  0x0000029adbdf12d0 JavaThread "Common-Cleaner"             daemon [_thread_blocked, id=20284, stack(0x000000c34a400000,0x000000c34a500000) (1024K)]
  0x0000029adc0c9940 JavaThread "Notification Thread"        daemon [_thread_blocked, id=14276, stack(0x000000c34a500000,0x000000c34a600000) (1024K)]
  0x0000029ae12d8de0 JavaThread "Active Thread: Equinox Container: 9478bceb-d0fc-4b55-a8fa-b6be3a21fb38"        [_thread_blocked, id=19732, stack(0x000000c34ac00000,0x000000c34ad00000) (1024K)]
  0x0000029ae159d290 JavaThread "Refresh Thread: Equinox Container: 9478bceb-d0fc-4b55-a8fa-b6be3a21fb38" daemon [_thread_blocked, id=14444, stack(0x000000c34ae00000,0x000000c34af00000) (1024K)]
  0x0000029adbd6b6c0 JavaThread "Framework Event Dispatcher: Equinox Container: 9478bceb-d0fc-4b55-a8fa-b6be3a21fb38" daemon [_thread_blocked, id=11440, stack(0x000000c34af00000,0x000000c34b000000) (1024K)]
  0x0000029ae15fad40 JavaThread "Start Level: Equinox Container: 9478bceb-d0fc-4b55-a8fa-b6be3a21fb38" daemon [_thread_blocked, id=11632, stack(0x000000c34b000000,0x000000c34b100000) (1024K)]
  0x0000029ae18e5de0 JavaThread "Bundle File Closer"         daemon [_thread_blocked, id=21112, stack(0x000000c34b300000,0x000000c34b400000) (1024K)]
  0x0000029ae14ae380 JavaThread "SCR Component Actor"        daemon [_thread_blocked, id=5836, stack(0x000000c34b400000,0x000000c34b500000) (1024K)]
  0x0000029ae176e7a0 JavaThread "Worker-JM"                         [_thread_blocked, id=7228, stack(0x000000c34b700000,0x000000c34b800000) (1024K)]
  0x0000029ae176f4c0 JavaThread "JNA Cleaner"                daemon [_thread_blocked, id=18264, stack(0x000000c34b800000,0x000000c34b900000) (1024K)]
  0x0000029ae176c6d0 JavaThread "Java indexing"              daemon [_thread_blocked, id=20716, stack(0x000000c34bb00000,0x000000c34bc00000) (1024K)]
  0x0000029ae4323660 JavaThread "Thread-2"                   daemon [_thread_in_native, id=20932, stack(0x000000c34c000000,0x000000c34c100000) (1024K)]
  0x0000029ae4321590 JavaThread "Thread-3"                   daemon [_thread_in_native, id=20936, stack(0x000000c34c100000,0x000000c34c200000) (1024K)]
  0x0000029ae4321c20 JavaThread "Thread-4"                   daemon [_thread_in_native, id=20928, stack(0x000000c34c200000,0x000000c34c300000) (1024K)]
  0x0000029ae43222b0 JavaThread "Thread-5"                   daemon [_thread_in_native, id=20952, stack(0x000000c34c300000,0x000000c34c400000) (1024K)]
  0x0000029ae4322940 JavaThread "Thread-6"                   daemon [_thread_in_native, id=20956, stack(0x000000c34c400000,0x000000c34c500000) (1024K)]
  0x0000029ae4322fd0 JavaThread "Thread-7"                   daemon [_thread_in_native, id=20964, stack(0x000000c34c500000,0x000000c34c600000) (1024K)]
  0x0000029ae4323cf0 JavaThread "Thread-8"                   daemon [_thread_in_native, id=20920, stack(0x000000c34c600000,0x000000c34c700000) (1024K)]
  0x0000029ae4324380 JavaThread "Thread-9"                   daemon [_thread_in_native, id=20972, stack(0x000000c34c700000,0x000000c34c800000) (1024K)]
  0x0000029ae4324a10 JavaThread "Thread-10"                  daemon [_thread_in_native, id=20976, stack(0x000000c34c800000,0x000000c34c900000) (1024K)]
  0x0000029ae4405240 JavaThread "Thread-11"                  daemon [_thread_in_native, id=20980, stack(0x000000c34c900000,0x000000c34ca00000) (1024K)]
  0x0000029ae44079a0 JavaThread "Thread-12"                  daemon [_thread_in_native, id=20984, stack(0x000000c34ca00000,0x000000c34cb00000) (1024K)]
  0x0000029ae44058d0 JavaThread "Thread-13"                  daemon [_thread_in_native, id=20960, stack(0x000000c34cb00000,0x000000c34cc00000) (1024K)]
  0x0000029ae4406c80 JavaThread "Thread-14"                  daemon [_thread_in_native, id=20948, stack(0x000000c34cc00000,0x000000c34cd00000) (1024K)]
  0x0000029ae4407310 JavaThread "pool-2-thread-1"                   [_thread_blocked, id=20944, stack(0x000000c34cd00000,0x000000c34ce00000) (1024K)]
  0x0000029ae4408030 JavaThread "WorkspaceEventsHandler"            [_thread_blocked, id=20968, stack(0x000000c34ce00000,0x000000c34cf00000) (1024K)]
  0x0000029ae4405f60 JavaThread "pool-1-thread-1"                   [_thread_blocked, id=20916, stack(0x000000c34cf00000,0x000000c34d000000) (1024K)]
  0x0000029ae44086c0 JavaThread "Worker-5"                          [_thread_blocked, id=19716, stack(0x000000c34d200000,0x000000c34d300000) (1024K)]
  0x0000029ae45fb6f0 JavaThread "Worker-6"                          [_thread_blocked, id=6200, stack(0x000000c349500000,0x000000c349600000) (1024K)]
Total: 38

Other Threads:
  0x0000029a82f241e0 VMThread "VM Thread"                           [id=19936, stack(0x000000c349b00000,0x000000c349c00000) (1024K)]
  0x0000029a83000830 WatcherThread "VM Periodic Task Thread"        [id=19808, stack(0x000000c349a00000,0x000000c349b00000) (1024K)]
  0x0000029a82fb2d00 WorkerThread "GC Thread#0"                     [id=19588, stack(0x000000c349900000,0x000000c349a00000) (1024K)]
  0x0000029ae10811f0 WorkerThread "GC Thread#1"                     [id=20380, stack(0x000000c34a600000,0x000000c34a700000) (1024K)]
  0x0000029ae11d7190 WorkerThread "GC Thread#2"                     [id=19432, stack(0x000000c34a700000,0x000000c34a800000) (1024K)]
  0x0000029ae11d7530 WorkerThread "GC Thread#3"                     [id=20404, stack(0x000000c34a800000,0x000000c34a900000) (1024K)]
  0x0000029ae1081590 WorkerThread "GC Thread#4"                     [id=20288, stack(0x000000c34a900000,0x000000c34aa00000) (1024K)]
  0x0000029ae1081930 WorkerThread "GC Thread#5"                     [id=20132, stack(0x000000c34aa00000,0x000000c34ab00000) (1024K)]
  0x0000029ae11b4de0 WorkerThread "GC Thread#6"                     [id=19760, stack(0x000000c34ab00000,0x000000c34ac00000) (1024K)]
  0x0000029a8304e8b0 WorkerThread "GC Thread#7"                     [id=10132, stack(0x000000c34ad00000,0x000000c34ae00000) (1024K)]
  0x0000029ae1841500 WorkerThread "GC Thread#8"                     [id=21052, stack(0x000000c34b100000,0x000000c34b200000) (1024K)]
  0x0000029ae178ebe0 WorkerThread "GC Thread#9"                     [id=21056, stack(0x000000c34b200000,0x000000c34b300000) (1024K)]
Total: 12

Threads with active compile tasks:
Total: 0

VM state: not at safepoint (normal execution)

VM Mutex/Monitor currently owned by a thread: None

Heap address: 0x0000000080000000, size: 2048 MB, Compressed Oops mode: 32-bit

CDS archive(s) mapped at: [0x0000029a9a000000-0x0000029a9aba0000-0x0000029a9aba0000), size 12189696, SharedBaseAddress: 0x0000029a9a000000, ArchiveRelocationMode: 1.
Compressed class space mapped at: 0x0000029a9b000000-0x0000029adb000000, reserved size: 1073741824
Narrow klass base: 0x0000029a9a000000, Narrow klass shift: 0, Narrow klass range: 0x100000000

GC Precious Log:
 CardTable entry size: 512
 CPUs: 12 total, 12 available
 Memory: 7893M
 Large Page Support: Disabled
 NUMA Support: Disabled
 Compressed Oops: Enabled (32-bit)
 Alignments: Space 512K, Generation 512K, Heap 2M
 Heap Min Capacity: 100M
 Heap Initial Capacity: 100M
 Heap Max Capacity: 2G
 Pre-touch: Disabled
 Parallel Workers: 10

Heap:
 PSYoungGen      total 8192K, used 6957K [0x00000000d5580000, 0x00000000d5f00000, 0x0000000100000000)
  eden space 7680K, 87% used [0x00000000d5580000,0x00000000d5c135d0,0x00000000d5d00000)
  from space 512K, 43% used [0x00000000d5d00000,0x00000000d5d38000,0x00000000d5d80000)
  to   space 1024K, 0% used [0x00000000d5e00000,0x00000000d5e00000,0x00000000d5f00000)
 ParOldGen       total 613376K, used 525653K [0x0000000080000000, 0x00000000a5700000, 0x00000000d5580000)
  object space 613376K, 85% used [0x0000000080000000,0x00000000a0155650,0x00000000a5700000)
 Metaspace       used 69267K, committed 70912K, reserved 1114112K
  class space    used 7137K, committed 7872K, reserved 1048576K

Card table byte_map: [0x0000029a82930000,0x0000029a82d40000] _byte_map_base: 0x0000029a82530000

Marking Bits: (ParMarkBitMap*) 0x00007ffb2fd8a340
 Begin Bits: [0x0000029a95430000, 0x0000029a97430000)
 End Bits:   [0x0000029a97430000, 0x0000029a99430000)

Polling page: 0x0000029a80d40000

Metaspace:

Usage:
  Non-class:     60.67 MB used.
      Class:      6.97 MB used.
       Both:     67.64 MB used.

Virtual space:
  Non-class space:       64.00 MB reserved,      61.56 MB ( 96%) committed,  1 nodes.
      Class space:        1.00 GB reserved,       7.69 MB ( <1%) committed,  1 nodes.
             Both:        1.06 GB reserved,      69.25 MB (  6%) committed. 

Chunk freelists:
   Non-Class:  1.53 MB
       Class:  8.14 MB
        Both:  9.67 MB

MaxMetaspaceSize: unlimited
CompressedClassSpaceSize: 1.00 GB
Initial GC threshold: 21.00 MB
Current GC threshold: 97.31 MB
CDS: on
 - commit_granule_bytes: 65536.
 - commit_granule_words: 8192.
 - virtual_space_node_default_size: 8388608.
 - enlarge_chunks_in_place: 1.
 - use_allocation_guard: 0.


Internal statistics:

num_allocs_failed_limit: 9.
num_arena_births: 1370.
num_arena_deaths: 14.
num_vsnodes_births: 2.
num_vsnodes_deaths: 0.
num_space_committed: 1108.
num_space_uncommitted: 0.
num_chunks_returned_to_freelist: 23.
num_chunks_taken_from_freelist: 4663.
num_chunk_merges: 15.
num_chunk_splits: 2890.
num_chunks_enlarged: 1683.
num_inconsistent_stats: 0.

CodeHeap 'non-profiled nmethods': size=120000Kb used=13740Kb max_used=13740Kb free=106260Kb
 bounds [0x0000029a8dc50000, 0x0000029a8e9c0000, 0x0000029a95180000]
CodeHeap 'profiled nmethods': size=120000Kb used=35191Kb max_used=35191Kb free=84808Kb
 bounds [0x0000029a86180000, 0x0000029a883e0000, 0x0000029a8d6b0000]
CodeHeap 'non-nmethods': size=5760Kb used=1448Kb max_used=1510Kb free=4311Kb
 bounds [0x0000029a8d6b0000, 0x0000029a8d920000, 0x0000029a8dc50000]
CodeCache: size=245760Kb, used=50379Kb, max_used=50441Kb, free=195379Kb
 total_blobs=15863, nmethods=15110, adapters=657, full_count=0
Compilation: enabled, stopped_count=0, restarted_count=0

Compilation events (20 events):
Event: 7383.164 Thread 0x0000029a8304c7c0 15912       3       java.nio.charset.CharsetDecoder::flush (49 bytes)
Event: 7383.182 Thread 0x0000029a8304c7c0 nmethod 15912 0x0000029a883d9910 code [0x0000029a883d9ae0, 0x0000029a883d9ea8]
Event: 7383.836 Thread 0x0000029a8304c7c0 15913   !   3       org.eclipse.osgi.container.ModuleDatabase::getTimestamp (25 bytes)
Event: 7383.891 Thread 0x0000029a8304c7c0 nmethod 15913 0x0000029a883da010 code [0x0000029a883da260, 0x0000029a883daba8]
Event: 7503.866 Thread 0x0000029a8304c7c0 15914       3       org.eclipse.osgi.storage.Storage::isReadOnly (10 bytes)
Event: 7503.882 Thread 0x0000029a8304c7c0 nmethod 15914 0x0000029a883db010 code [0x0000029a883db1c0, 0x0000029a883db340]
Event: 7683.922 Thread 0x0000029a8304c7c0 15915   !   3       org.eclipse.osgi.internal.framework.StorageSaver$StorageSaverTask::run (31 bytes)
Event: 7683.979 Thread 0x0000029a8304c7c0 nmethod 15915 0x0000029a883db410 code [0x0000029a883db5e0, 0x0000029a883db880]
Event: 7704.029 Thread 0x0000029a8304c7c0 15918       3       java.util.logging.Logger::getLogger (8 bytes)
Event: 7704.037 Thread 0x0000029a8304c7c0 nmethod 15918 0x0000029a883dba10 code [0x0000029a883dbbe0, 0x0000029a883dbda0]
Event: 7704.037 Thread 0x0000029a8304c7c0 15919       3       java.util.logging.Logger::getLogger (7 bytes)
Event: 7704.037 Thread 0x0000029a8304c7c0 nmethod 15919 0x0000029a883dbe90 code [0x0000029a883dc040, 0x0000029a883dc168]
Event: 7704.037 Thread 0x0000029a8304c7c0 15920       3       java.util.logging.Logger::demandLogger (36 bytes)
Event: 7704.054 Thread 0x0000029a8304c7c0 nmethod 15920 0x0000029a883dc210 code [0x0000029a883dc4a0, 0x0000029a883dcf50]
Event: 7724.975 Thread 0x0000029a8304c7c0 15921       3       org.eclipse.lsp4j.jsonrpc.messages.Message::<init> (11 bytes)
Event: 7724.979 Thread 0x0000029a8304c7c0 nmethod 15921 0x0000029a883dd390 code [0x0000029a883dd540, 0x0000029a883dd6c8]
Event: 7724.980 Thread 0x0000029a8304c7c0 15922       3       org.eclipse.jdt.ls.core.internal.ParentProcessWatcher::lambda$1 (15 bytes)
Event: 7724.982 Thread 0x0000029a8303e780 15923       4       java.util.concurrent.locks.AbstractQueuedSynchronizer$Node::setPrevRelaxed (12 bytes)
Event: 7724.990 Thread 0x0000029a8304c7c0 nmethod 15922 0x0000029a883dd790 code [0x0000029a883dd940, 0x0000029a883ddb70]
Event: 7724.990 Thread 0x0000029a8303e780 nmethod 15923 0x0000029a8e9bad10 code [0x0000029a8e9baea0, 0x0000029a8e9baf48]

GC Heap History (20 events):
Event: 3735.985 GC heap before
{Heap before GC invocations=1521 (full 3):
 PSYoungGen      total 8704K, used 8171K [0x00000000d5580000, 0x00000000d5f00000, 0x0000000100000000)
  eden space 7680K, 100% used [0x00000000d5580000,0x00000000d5d00000,0x00000000d5d00000)
  from space 1024K, 48% used [0x00000000d5d00000,0x00000000d5d7afb0,0x00000000d5e00000)
  to   space 1024K, 0% used [0x00000000d5e00000,0x00000000d5e00000,0x00000000d5f00000)
 ParOldGen       total 613376K, used 519220K [0x0000000080000000, 0x00000000a5700000, 0x00000000d5580000)
  object space 613376K, 84% used [0x0000000080000000,0x000000009fb0d2e8,0x00000000a5700000)
 Metaspace       used 69052K, committed 70784K, reserved 1114112K
  class space    used 7111K, committed 7872K, reserved 1048576K
}
Event: 3735.988 GC heap after
{Heap after GC invocations=1521 (full 3):
 PSYoungGen      total 8704K, used 635K [0x00000000d5580000, 0x00000000d5f00000, 0x0000000100000000)
  eden space 7680K, 0% used [0x00000000d5580000,0x00000000d5580000,0x00000000d5d00000)
  from space 1024K, 62% used [0x00000000d5e00000,0x00000000d5e9efc0,0x00000000d5f00000)
  to   space 1024K, 0% used [0x00000000d5d00000,0x00000000d5d00000,0x00000000d5e00000)
 ParOldGen       total 613376K, used 519496K [0x0000000080000000, 0x00000000a5700000, 0x00000000d5580000)
  object space 613376K, 84% used [0x0000000080000000,0x000000009fb522a0,0x00000000a5700000)
 Metaspace       used 69052K, committed 70784K, reserved 1114112K
  class space    used 7111K, committed 7872K, reserved 1048576K
}
Event: 3736.618 GC heap before
{Heap before GC invocations=1522 (full 3):
 PSYoungGen      total 8704K, used 8315K [0x00000000d5580000, 0x00000000d5f00000, 0x0000000100000000)
  eden space 7680K, 100% used [0x00000000d5580000,0x00000000d5d00000,0x00000000d5d00000)
  from space 1024K, 62% used [0x00000000d5e00000,0x00000000d5e9efc0,0x00000000d5f00000)
  to   space 1024K, 0% used [0x00000000d5d00000,0x00000000d5d00000,0x00000000d5e00000)
 ParOldGen       total 613376K, used 519496K [0x0000000080000000, 0x00000000a5700000, 0x00000000d5580000)
  object space 613376K, 84% used [0x0000000080000000,0x000000009fb522a0,0x00000000a5700000)
 Metaspace       used 69170K, committed 70848K, reserved 1114112K
  class space    used 7136K, committed 7872K, reserved 1048576K
}
Event: 3736.630 GC heap after
{Heap after GC invocations=1522 (full 3):
 PSYoungGen      total 8704K, used 1012K [0x00000000d5580000, 0x00000000d6300000, 0x0000000100000000)
  eden space 7680K, 0% used [0x00000000d5580000,0x00000000d5580000,0x00000000d5d00000)
  from space 1024K, 98% used [0x00000000d5d00000,0x00000000d5dfd200,0x00000000d5e00000)
  to   space 3072K, 0% used [0x00000000d6000000,0x00000000d6000000,0x00000000d6300000)
 ParOldGen       total 613376K, used 520774K [0x0000000080000000, 0x00000000a5700000, 0x00000000d5580000)
  object space 613376K, 84% used [0x0000000080000000,0x000000009fc91b90,0x00000000a5700000)
 Metaspace       used 69170K, committed 70848K, reserved 1114112K
  class space    used 7136K, committed 7872K, reserved 1048576K
}
Event: 3737.584 GC heap before
{Heap before GC invocations=1523 (full 3):
 PSYoungGen      total 8704K, used 8692K [0x00000000d5580000, 0x00000000d6300000, 0x0000000100000000)
  eden space 7680K, 100% used [0x00000000d5580000,0x00000000d5d00000,0x00000000d5d00000)
  from space 1024K, 98% used [0x00000000d5d00000,0x00000000d5dfd200,0x00000000d5e00000)
  to   space 3072K, 0% used [0x00000000d6000000,0x00000000d6000000,0x00000000d6300000)
 ParOldGen       total 613376K, used 520774K [0x0000000080000000, 0x00000000a5700000, 0x00000000d5580000)
  object space 613376K, 84% used [0x0000000080000000,0x000000009fc91b90,0x00000000a5700000)
 Metaspace       used 69183K, committed 70912K, reserved 1114112K
  class space    used 7136K, committed 7872K, reserved 1048576K
}
Event: 3737.598 GC heap after
{Heap after GC invocations=1523 (full 3):
 PSYoungGen      total 9728K, used 2015K [0x00000000d5580000, 0x00000000d6200000, 0x0000000100000000)
  eden space 7680K, 0% used [0x00000000d5580000,0x00000000d5580000,0x00000000d5d00000)
  from space 2048K, 98% used [0x00000000d6000000,0x00000000d61f7d60,0x00000000d6200000)
  to   space 2560K, 0% used [0x00000000d5d00000,0x00000000d5d00000,0x00000000d5f80000)
 ParOldGen       total 613376K, used 521831K [0x0000000080000000, 0x00000000a5700000, 0x00000000d5580000)
  object space 613376K, 85% used [0x0000000080000000,0x000000009fd99c60,0x00000000a5700000)
 Metaspace       used 69183K, committed 70912K, reserved 1114112K
  class space    used 7136K, committed 7872K, reserved 1048576K
}
Event: 3738.988 GC heap before
{Heap before GC invocations=1524 (full 3):
 PSYoungGen      total 9728K, used 9695K [0x00000000d5580000, 0x00000000d6200000, 0x0000000100000000)
  eden space 7680K, 100% used [0x00000000d5580000,0x00000000d5d00000,0x00000000d5d00000)
  from space 2048K, 98% used [0x00000000d6000000,0x00000000d61f7d60,0x00000000d6200000)
  to   space 2560K, 0% used [0x00000000d5d00000,0x00000000d5d00000,0x00000000d5f80000)
 ParOldGen       total 613376K, used 521831K [0x0000000080000000, 0x00000000a5700000, 0x00000000d5580000)
  object space 613376K, 85% used [0x0000000080000000,0x000000009fd99c60,0x00000000a5700000)
 Metaspace       used 69183K, committed 70912K, reserved 1114112K
  class space    used 7136K, committed 7872K, reserved 1048576K
}
Event: 3739.000 GC heap after
{Heap after GC invocations=1524 (full 3):
 PSYoungGen      total 8192K, used 458K [0x00000000d5580000, 0x00000000d6080000, 0x0000000100000000)
  eden space 7680K, 0% used [0x00000000d5580000,0x00000000d5580000,0x00000000d5d00000)
  from space 512K, 89% used [0x00000000d5d00000,0x00000000d5d728e0,0x00000000d5d80000)
  to   space 1536K, 0% used [0x00000000d5f00000,0x00000000d5f00000,0x00000000d6080000)
 ParOldGen       total 613376K, used 523686K [0x0000000080000000, 0x00000000a5700000, 0x00000000d5580000)
  object space 613376K, 85% used [0x0000000080000000,0x000000009ff699d0,0x00000000a5700000)
 Metaspace       used 69183K, committed 70912K, reserved 1114112K
  class space    used 7136K, committed 7872K, reserved 1048576K
}
Event: 3739.232 GC heap before
{Heap before GC invocations=1525 (full 3):
 PSYoungGen      total 8192K, used 8138K [0x00000000d5580000, 0x00000000d6080000, 0x0000000100000000)
  eden space 7680K, 100% used [0x00000000d5580000,0x00000000d5d00000,0x00000000d5d00000)
  from space 512K, 89% used [0x00000000d5d00000,0x00000000d5d728e0,0x00000000d5d80000)
  to   space 1536K, 0% used [0x00000000d5f00000,0x00000000d5f00000,0x00000000d6080000)
 ParOldGen       total 613376K, used 523686K [0x0000000080000000, 0x00000000a5700000, 0x00000000d5580000)
  object space 613376K, 85% used [0x0000000080000000,0x000000009ff699d0,0x00000000a5700000)
 Metaspace       used 69183K, committed 70912K, reserved 1114112K
  class space    used 7136K, committed 7872K, reserved 1048576K
}
Event: 3739.235 GC heap after
{Heap after GC invocations=1525 (full 3):
 PSYoungGen      total 8704K, used 598K [0x00000000d5580000, 0x00000000d6000000, 0x0000000100000000)
  eden space 7680K, 0% used [0x00000000d5580000,0x00000000d5580000,0x00000000d5d00000)
  from space 1024K, 58% used [0x00000000d5f00000,0x00000000d5f95b08,0x00000000d6000000)
  to   space 1024K, 0% used [0x00000000d5e00000,0x00000000d5e00000,0x00000000d5f00000)
 ParOldGen       total 613376K, used 523914K [0x0000000080000000, 0x00000000a5700000, 0x00000000d5580000)
  object space 613376K, 85% used [0x0000000080000000,0x000000009ffa2b78,0x00000000a5700000)
 Metaspace       used 69183K, committed 70912K, reserved 1114112K
  class space    used 7136K, committed 7872K, reserved 1048576K
}
Event: 3739.261 GC heap before
{Heap before GC invocations=1526 (full 3):
 PSYoungGen      total 8704K, used 8278K [0x00000000d5580000, 0x00000000d6000000, 0x0000000100000000)
  eden space 7680K, 100% used [0x00000000d5580000,0x00000000d5d00000,0x00000000d5d00000)
  from space 1024K, 58% used [0x00000000d5f00000,0x00000000d5f95b08,0x00000000d6000000)
  to   space 1024K, 0% used [0x00000000d5e00000,0x00000000d5e00000,0x00000000d5f00000)
 ParOldGen       total 613376K, used 523914K [0x0000000080000000, 0x00000000a5700000, 0x00000000d5580000)
  object space 613376K, 85% used [0x0000000080000000,0x000000009ffa2b78,0x00000000a5700000)
 Metaspace       used 69183K, committed 70912K, reserved 1114112K
  class space    used 7136K, committed 7872K, reserved 1048576K
}
Event: 3739.264 GC heap after
{Heap after GC invocations=1526 (full 3):
 PSYoungGen      total 8192K, used 468K [0x00000000d5580000, 0x00000000d5f80000, 0x0000000100000000)
  eden space 7680K, 0% used [0x00000000d5580000,0x00000000d5580000,0x00000000d5d00000)
  from space 512K, 91% used [0x00000000d5e00000,0x00000000d5e75200,0x00000000d5e80000)
  to   space 1024K, 0% used [0x00000000d5e80000,0x00000000d5e80000,0x00000000d5f80000)
 ParOldGen       total 613376K, used 524188K [0x0000000080000000, 0x00000000a5700000, 0x00000000d5580000)
  object space 613376K, 85% used [0x0000000080000000,0x000000009ffe7240,0x00000000a5700000)
 Metaspace       used 69183K, committed 70912K, reserved 1114112K
  class space    used 7136K, committed 7872K, reserved 1048576K
}
Event: 3739.282 GC heap before
{Heap before GC invocations=1527 (full 3):
 PSYoungGen      total 8192K, used 8148K [0x00000000d5580000, 0x00000000d5f80000, 0x0000000100000000)
  eden space 7680K, 100% used [0x00000000d5580000,0x00000000d5d00000,0x00000000d5d00000)
  from space 512K, 91% used [0x00000000d5e00000,0x00000000d5e75200,0x00000000d5e80000)
  to   space 1024K, 0% used [0x00000000d5e80000,0x00000000d5e80000,0x00000000d5f80000)
 ParOldGen       total 613376K, used 524188K [0x0000000080000000, 0x00000000a5700000, 0x00000000d5580000)
  object space 613376K, 85% used [0x0000000080000000,0x000000009ffe7240,0x00000000a5700000)
 Metaspace       used 69183K, committed 70912K, reserved 1114112K
  class space    used 7136K, committed 7872K, reserved 1048576K
}
Event: 3739.284 GC heap after
{Heap after GC invocations=1527 (full 3):
 PSYoungGen      total 8192K, used 352K [0x00000000d5580000, 0x00000000d5f00000, 0x0000000100000000)
  eden space 7680K, 0% used [0x00000000d5580000,0x00000000d5580000,0x00000000d5d00000)
  from space 512K, 68% used [0x00000000d5e80000,0x00000000d5ed8000,0x00000000d5f00000)
  to   space 512K, 0% used [0x00000000d5e00000,0x00000000d5e00000,0x00000000d5e80000)
 ParOldGen       total 613376K, used 524437K [0x0000000080000000, 0x00000000a5700000, 0x00000000d5580000)
  object space 613376K, 85% used [0x0000000080000000,0x00000000a0025640,0x00000000a5700000)
 Metaspace       used 69183K, committed 70912K, reserved 1114112K
  class space    used 7136K, committed 7872K, reserved 1048576K
}
Event: 3739.298 GC heap before
{Heap before GC invocations=1528 (full 3):
 PSYoungGen      total 8192K, used 8032K [0x00000000d5580000, 0x00000000d5f00000, 0x0000000100000000)
  eden space 7680K, 100% used [0x00000000d5580000,0x00000000d5d00000,0x00000000d5d00000)
  from space 512K, 68% used [0x00000000d5e80000,0x00000000d5ed8000,0x00000000d5f00000)
  to   space 512K, 0% used [0x00000000d5e00000,0x00000000d5e00000,0x00000000d5e80000)
 ParOldGen       total 613376K, used 524437K [0x0000000080000000, 0x00000000a5700000, 0x00000000d5580000)
  object space 613376K, 85% used [0x0000000080000000,0x00000000a0025640,0x00000000a5700000)
 Metaspace       used 69183K, committed 70912K, reserved 1114112K
  class space    used 7136K, committed 7872K, reserved 1048576K
}
Event: 3739.300 GC heap after
{Heap after GC invocations=1528 (full 3):
 PSYoungGen      total 8192K, used 384K [0x00000000d5580000, 0x00000000d5f00000, 0x0000000100000000)
  eden space 7680K, 0% used [0x00000000d5580000,0x00000000d5580000,0x00000000d5d00000)
  from space 512K, 75% used [0x00000000d5e00000,0x00000000d5e60000,0x00000000d5e80000)
  to   space 512K, 0% used [0x00000000d5e80000,0x00000000d5e80000,0x00000000d5f00000)
 ParOldGen       total 613376K, used 524605K [0x0000000080000000, 0x00000000a5700000, 0x00000000d5580000)
  object space 613376K, 85% used [0x0000000080000000,0x00000000a004f640,0x00000000a5700000)
 Metaspace       used 69183K, committed 70912K, reserved 1114112K
  class space    used 7136K, committed 7872K, reserved 1048576K
}
Event: 3840.718 GC heap before
{Heap before GC invocations=1529 (full 3):
 PSYoungGen      total 8192K, used 8064K [0x00000000d5580000, 0x00000000d5f00000, 0x0000000100000000)
  eden space 7680K, 100% used [0x00000000d5580000,0x00000000d5d00000,0x00000000d5d00000)
  from space 512K, 75% used [0x00000000d5e00000,0x00000000d5e60000,0x00000000d5e80000)
  to   space 512K, 0% used [0x00000000d5e80000,0x00000000d5e80000,0x00000000d5f00000)
 ParOldGen       total 613376K, used 524605K [0x0000000080000000, 0x00000000a5700000, 0x00000000d5580000)
  object space 613376K, 85% used [0x0000000080000000,0x00000000a004f640,0x00000000a5700000)
 Metaspace       used 69208K, committed 70912K, reserved 1114112K
  class space    used 7137K, committed 7872K, reserved 1048576K
}
Event: 3840.852 GC heap after
{Heap after GC invocations=1529 (full 3):
 PSYoungGen      total 8192K, used 512K [0x00000000d5580000, 0x00000000d6000000, 0x0000000100000000)
  eden space 7680K, 0% used [0x00000000d5580000,0x00000000d5580000,0x00000000d5d00000)
  from space 512K, 100% used [0x00000000d5e80000,0x00000000d5f00000,0x00000000d5f00000)
  to   space 1536K, 0% used [0x00000000d5d00000,0x00000000d5d00000,0x00000000d5e80000)
 ParOldGen       total 613376K, used 525181K [0x0000000080000000, 0x00000000a5700000, 0x00000000d5580000)
  object space 613376K, 85% used [0x0000000080000000,0x00000000a00df650,0x00000000a5700000)
 Metaspace       used 69208K, committed 70912K, reserved 1114112K
  class space    used 7137K, committed 7872K, reserved 1048576K
}
Event: 5980.045 GC heap before
{Heap before GC invocations=1530 (full 3):
 PSYoungGen      total 8192K, used 8192K [0x00000000d5580000, 0x00000000d6000000, 0x0000000100000000)
  eden space 7680K, 100% used [0x00000000d5580000,0x00000000d5d00000,0x00000000d5d00000)
  from space 512K, 100% used [0x00000000d5e80000,0x00000000d5f00000,0x00000000d5f00000)
  to   space 1536K, 0% used [0x00000000d5d00000,0x00000000d5d00000,0x00000000d5e80000)
 ParOldGen       total 613376K, used 525181K [0x0000000080000000, 0x00000000a5700000, 0x00000000d5580000)
  object space 613376K, 85% used [0x0000000080000000,0x00000000a00df650,0x00000000a5700000)
 Metaspace       used 69239K, committed 70912K, reserved 1114112K
  class space    used 7137K, committed 7872K, reserved 1048576K
}
Event: 5980.304 GC heap after
{Heap after GC invocations=1530 (full 3):
 PSYoungGen      total 8192K, used 224K [0x00000000d5580000, 0x00000000d5f00000, 0x0000000100000000)
  eden space 7680K, 0% used [0x00000000d5580000,0x00000000d5580000,0x00000000d5d00000)
  from space 512K, 43% used [0x00000000d5d00000,0x00000000d5d38000,0x00000000d5d80000)
  to   space 1024K, 0% used [0x00000000d5e00000,0x00000000d5e00000,0x00000000d5f00000)
 ParOldGen       total 613376K, used 525653K [0x0000000080000000, 0x00000000a5700000, 0x00000000d5580000)
  object space 613376K, 85% used [0x0000000080000000,0x00000000a0155650,0x00000000a5700000)
 Metaspace       used 69239K, committed 70912K, reserved 1114112K
  class space    used 7137K, committed 7872K, reserved 1048576K
}

Dll operation events (10 events):
Event: 0.017 Loaded shared library c:\Users\84934\.vscode\extensions\redhat.java-1.44.0-win32-x64\jre\21.0.8-win32-x86_64\bin\java.dll
Event: 0.053 Loaded shared library c:\Users\84934\.vscode\extensions\redhat.java-1.44.0-win32-x64\jre\21.0.8-win32-x86_64\bin\zip.dll
Event: 0.142 Loaded shared library C:\Users\84934\.vscode\extensions\redhat.java-1.44.0-win32-x64\jre\21.0.8-win32-x86_64\bin\instrument.dll
Event: 0.150 Loaded shared library C:\Users\84934\.vscode\extensions\redhat.java-1.44.0-win32-x64\jre\21.0.8-win32-x86_64\bin\net.dll
Event: 0.152 Loaded shared library C:\Users\84934\.vscode\extensions\redhat.java-1.44.0-win32-x64\jre\21.0.8-win32-x86_64\bin\nio.dll
Event: 0.157 Loaded shared library C:\Users\84934\.vscode\extensions\redhat.java-1.44.0-win32-x64\jre\21.0.8-win32-x86_64\bin\zip.dll
Event: 0.179 Loaded shared library C:\Users\84934\.vscode\extensions\redhat.java-1.44.0-win32-x64\jre\21.0.8-win32-x86_64\bin\jimage.dll
Event: 0.288 Loaded shared library c:\Users\84934\.vscode\extensions\redhat.java-1.44.0-win32-x64\jre\21.0.8-win32-x86_64\bin\verify.dll
Event: 8.244 Loaded shared library C:\Users\84934\AppData\Roaming\Code\User\globalStorage\redhat.java\1.44.0\config_win\org.eclipse.equinox.launcher\org.eclipse.equinox.launcher.win32.win32.x86_64_1.2.1400.v20250730-1736\eclipse_11913.dll
Event: 20.788 Loaded shared library C:\Users\84934\AppData\Local\Temp\jna--803948242\jna12848654259380278357.dll

Deoptimization events (20 events):
Event: 3736.554 Thread 0x0000029ae45fd7c0 Uncommon trap: trap_request=0xffffff45 fr.pc=0x0000029a8df7f4b4 relative=0x0000000000000d14
Event: 3736.554 Thread 0x0000029ae45fd7c0 Uncommon trap: reason=unstable_if action=reinterpret pc=0x0000029a8df7f4b4 method=org.eclipse.jdt.core.Signature.appendClassTypeSignature([CIZLjava/lang/StringBuilder;)I @ 23 c2
Event: 3736.554 Thread 0x0000029ae45fd7c0 DEOPT PACKING pc=0x0000029a8df7f4b4 sp=0x000000c3495fdd80
Event: 3736.554 Thread 0x0000029ae45fd7c0 DEOPT UNPACKING pc=0x0000029a8d706da2 sp=0x000000c3495fdd58 mode 2
Event: 3736.585 Thread 0x0000029ae45fd7c0 Uncommon trap: trap_request=0xffffff45 fr.pc=0x0000029a8e839f6c relative=0x000000000000064c
Event: 3736.585 Thread 0x0000029ae45fd7c0 Uncommon trap: reason=unstable_if action=reinterpret pc=0x0000029a8e839f6c method=org.eclipse.jdt.internal.core.util.HashtableOfArrayToObject.put([Ljava/lang/Object;Ljava/lang/Object;)Ljava/lang/Object; @ 55 c2
Event: 3736.585 Thread 0x0000029ae45fd7c0 DEOPT PACKING pc=0x0000029a8e839f6c sp=0x000000c3495fe370
Event: 3736.585 Thread 0x0000029ae45fd7c0 DEOPT UNPACKING pc=0x0000029a8d706da2 sp=0x000000c3495fe318 mode 2
Event: 3736.673 Thread 0x0000029ae45fd7c0 DEOPT PACKING pc=0x0000029a86dac6e9 sp=0x000000c3495fd630
Event: 3736.673 Thread 0x0000029ae45fd7c0 DEOPT UNPACKING pc=0x0000029a8d7078e2 sp=0x000000c3495fcb50 mode 0
Event: 3736.692 Thread 0x0000029ae45fd7c0 Uncommon trap: trap_request=0xffffffd6 fr.pc=0x0000029a8e6efb24 relative=0x0000000000000544
Event: 3736.692 Thread 0x0000029ae45fd7c0 Uncommon trap: reason=array_check action=maybe_recompile pc=0x0000029a8e6efb24 method=java.util.TimSort.reverseRange([Ljava/lang/Object;II)V @ 27 c2
Event: 3736.692 Thread 0x0000029ae45fd7c0 DEOPT PACKING pc=0x0000029a8e6efb24 sp=0x000000c3495fdd40
Event: 3736.692 Thread 0x0000029ae45fd7c0 DEOPT UNPACKING pc=0x0000029a8d706da2 sp=0x000000c3495fdc50 mode 2
Event: 3739.270 Thread 0x0000029ae45fd7c0 DEOPT PACKING pc=0x0000029a88188a6a sp=0x000000c3495fdf10
Event: 3739.270 Thread 0x0000029ae45fd7c0 DEOPT UNPACKING pc=0x0000029a8d7078e2 sp=0x000000c3495fd4d8 mode 0
Event: 3739.380 Thread 0x0000029ae45fd7c0 DEOPT PACKING pc=0x0000029a87feacfc sp=0x000000c3495feee0
Event: 3739.380 Thread 0x0000029ae45fd7c0 DEOPT UNPACKING pc=0x0000029a8d7078e2 sp=0x000000c3495fe400 mode 0
Event: 5153.877 Thread 0x0000029ae4405f60 DEOPT PACKING pc=0x0000029a882cac27 sp=0x000000c34cffe2a0
Event: 5153.878 Thread 0x0000029ae4405f60 DEOPT UNPACKING pc=0x0000029a8d7078e2 sp=0x000000c34cffd798 mode 0

Classes loaded (20 events):
Event: 46.836 Loading class java/lang/invoke/MethodHandleImpl$CountingWrapper$1
Event: 46.837 Loading class java/lang/invoke/MethodHandleImpl$CountingWrapper$1 done
Event: 323.915 Loading class java/util/stream/Nodes$CollectorTask$OfRef
Event: 323.916 Loading class java/util/stream/Nodes$CollectorTask
Event: 323.917 Loading class java/util/stream/Nodes$CollectorTask done
Event: 323.917 Loading class java/util/stream/Nodes$CollectorTask$OfRef done
Event: 323.917 Loading class java/util/function/LongFunction
Event: 323.917 Loading class java/util/function/LongFunction done
Event: 323.918 Loading class java/util/stream/Nodes$ConcNode
Event: 323.918 Loading class java/util/stream/Nodes$AbstractConcNode
Event: 323.918 Loading class java/util/stream/Nodes$AbstractConcNode done
Event: 323.918 Loading class java/util/stream/Nodes$ConcNode done
Event: 323.926 Loading class java/io/ObjectOutputStream$BlockDataOutputStream
Event: 323.926 Loading class java/io/ObjectOutputStream$BlockDataOutputStream done
Event: 323.926 Loading class java/io/ObjectOutputStream$HandleTable
Event: 323.926 Loading class java/io/ObjectOutputStream$HandleTable done
Event: 323.927 Loading class java/io/ObjectOutputStream$ReplaceTable
Event: 323.927 Loading class java/io/ObjectOutputStream$ReplaceTable done
Event: 323.929 Loading class java/nio/charset/CharacterCodingException
Event: 323.930 Loading class java/nio/charset/CharacterCodingException done

Classes unloaded (7 events):
Event: 21.312 Thread 0x0000029a82f241e0 Unloading class 0x0000029a9b1aa400 'java/lang/invoke/LambdaForm$MH+0x0000029a9b1aa400'
Event: 21.312 Thread 0x0000029a82f241e0 Unloading class 0x0000029a9b1aa000 'java/lang/invoke/LambdaForm$MH+0x0000029a9b1aa000'
Event: 21.312 Thread 0x0000029a82f241e0 Unloading class 0x0000029a9b1a9c00 'java/lang/invoke/LambdaForm$MH+0x0000029a9b1a9c00'
Event: 21.312 Thread 0x0000029a82f241e0 Unloading class 0x0000029a9b1a9800 'java/lang/invoke/LambdaForm$MH+0x0000029a9b1a9800'
Event: 21.312 Thread 0x0000029a82f241e0 Unloading class 0x0000029a9b1a9400 'java/lang/invoke/LambdaForm$BMH+0x0000029a9b1a9400'
Event: 21.312 Thread 0x0000029a82f241e0 Unloading class 0x0000029a9b1a9000 'java/lang/invoke/LambdaForm$DMH+0x0000029a9b1a9000'
Event: 21.312 Thread 0x0000029a82f241e0 Unloading class 0x0000029a9b1a8000 'java/lang/invoke/LambdaForm$DMH+0x0000029a9b1a8000'

Classes redefined (0 events):
No events

Internal exceptions (20 events):
Event: 47.631 Thread 0x0000029ae44086c0 Exception <a 'sun/nio/fs/WindowsException'{0x00000000d594a340}> (0x00000000d594a340) 
thrown [s\src\hotspot\share\prims\jni.cpp, line 520]
Event: 47.632 Thread 0x0000029ae44086c0 Exception <a 'sun/nio/fs/WindowsException'{0x00000000d594bc60}> (0x00000000d594bc60) 
thrown [s\src\hotspot\share\prims\jni.cpp, line 520]
Event: 47.632 Thread 0x0000029ae44086c0 Exception <a 'sun/nio/fs/WindowsException'{0x00000000d594c278}> (0x00000000d594c278) 
thrown [s\src\hotspot\share\prims\jni.cpp, line 520]
Event: 47.635 Thread 0x0000029ae44086c0 Exception <a 'sun/nio/fs/WindowsException'{0x00000000d596bbb8}> (0x00000000d596bbb8) 
thrown [s\src\hotspot\share\prims\jni.cpp, line 520]
Event: 47.635 Thread 0x0000029ae44086c0 Exception <a 'sun/nio/fs/WindowsException'{0x00000000d596c480}> (0x00000000d596c480) 
thrown [s\src\hotspot\share\prims\jni.cpp, line 520]
Event: 47.740 Thread 0x0000029ae44086c0 Implicit null exception at 0x0000029a8e24bd10 to 0x0000029a8e24c3e4
Event: 47.742 Thread 0x0000029ae44086c0 Exception <a 'sun/nio/fs/WindowsException'{0x00000000d55c7000}> (0x00000000d55c7000) 
thrown [s\src\hotspot\share\prims\jni.cpp, line 520]
Event: 47.742 Thread 0x0000029ae44086c0 Exception <a 'sun/nio/fs/WindowsException'{0x00000000d55c7618}> (0x00000000d55c7618) 
thrown [s\src\hotspot\share\prims\jni.cpp, line 520]
Event: 47.743 Thread 0x0000029ae44086c0 Exception <a 'sun/nio/fs/WindowsException'{0x00000000d55c84c8}> (0x00000000d55c84c8) 
thrown [s\src\hotspot\share\prims\jni.cpp, line 520]
Event: 47.743 Thread 0x0000029ae44086c0 Exception <a 'sun/nio/fs/WindowsException'{0x00000000d55c8ae0}> (0x00000000d55c8ae0) 
thrown [s\src\hotspot\share\prims\jni.cpp, line 520]
Event: 47.743 Thread 0x0000029ae44086c0 Exception <a 'sun/nio/fs/WindowsException'{0x00000000d55ca400}> (0x00000000d55ca400) 
thrown [s\src\hotspot\share\prims\jni.cpp, line 520]
Event: 47.743 Thread 0x0000029ae44086c0 Exception <a 'sun/nio/fs/WindowsException'{0x00000000d55caa18}> (0x00000000d55caa18) 
thrown [s\src\hotspot\share\prims\jni.cpp, line 520]
Event: 47.747 Thread 0x0000029ae44086c0 Exception <a 'sun/nio/fs/WindowsException'{0x00000000d55ea360}> (0x00000000d55ea360) 
thrown [s\src\hotspot\share\prims\jni.cpp, line 520]
Event: 47.747 Thread 0x0000029ae44086c0 Exception <a 'sun/nio/fs/WindowsException'{0x00000000d55eac28}> (0x00000000d55eac28) 
thrown [s\src\hotspot\share\prims\jni.cpp, line 520]
Event: 48.047 Thread 0x0000029ae44086c0 Exception <a 'java/lang/NoSuchMethodError'{0x00000000d5603a90}: 'java.lang.Object java.lang.invoke.DirectMethodHandle$Holder.invokeStatic(java.lang.Object, java.lang.Object, int, java.lang.Object)'> (0x00000000d5603a90) 
thrown [s\src\hotspot\share\interpreter\linkResolver.cpp, line 773]
Event: 323.951 Thread 0x0000029ae4404bb0 Exception <a 'java/lang/NoSuchMethodError'{0x00000000d55c0150}: static [J.<clinit>()V> (0x00000000d55c0150) 
thrown [s\src\hotspot\share\prims\jni.cpp, line 1111]
Event: 323.969 Thread 0x0000029ae4404bb0 Exception <a 'java/lang/NoSuchMethodError'{0x00000000d560d1a8}: 'java.lang.Object java.lang.invoke.DirectMethodHandle$Holder.newInvokeSpecial(java.lang.Object, java.lang.Object, java.lang.Object, java.lang.Object, java.lang.Object, java.lang.Object, java.lang.Object, java.lang.Object)'> (0x00000000d560d1a8) 
thrown [s\src\hotspot\share\interpreter\linkResolver.cpp, line 773]
Event: 3727.906 Thread 0x0000029ae45fd7c0 Exception <a 'java/lang/NoSuchMethodError'{0x00000000d55b7ac0}: 'java.lang.Object java.lang.invoke.DirectMethodHandle$Holder.invokeStaticInit(java.lang.Object, java.lang.Object, java.lang.Object)'> (0x00000000d55b7ac0) 
thrown [s\src\hotspot\share\interpreter\linkResolver.cpp, line 773]
Event: 3728.477 Thread 0x0000029ae45fd7c0 Exception <a 'java/lang/IncompatibleClassChangeError'{0x00000000d57740e8}: Found class java.lang.Object, but interface was expected> (0x00000000d57740e8) 
thrown [s\src\hotspot\share\interpreter\linkResolver.cpp, line 840]
Event: 3736.509 Thread 0x0000029ae45fd7c0 Implicit null exception at 0x0000029a8e904420 to 0x0000029a8e905c98

ZGC Phase Switch (0 events):
No events

VM Operations (20 events):
Event: 7336.710 Executing VM operation: HandshakeAllThreads (HandshakeForDeflation)
Event: 7336.712 Executing VM operation: HandshakeAllThreads (HandshakeForDeflation) done
Event: 7336.712 Executing VM operation: RendezvousGCThreads
Event: 7336.712 Executing VM operation: RendezvousGCThreads done
Event: 7363.854 Executing VM operation: Cleanup
Event: 7363.856 Executing VM operation: Cleanup done
Event: 7366.891 Executing VM operation: Cleanup
Event: 7366.891 Executing VM operation: Cleanup done
Event: 7577.369 Executing VM operation: HandshakeAllThreads (HandshakeForDeflation)
Event: 7577.373 Executing VM operation: HandshakeAllThreads (HandshakeForDeflation) done
Event: 7577.373 Executing VM operation: RendezvousGCThreads
Event: 7577.373 Executing VM operation: RendezvousGCThreads done
Event: 7637.537 Executing VM operation: HandshakeAllThreads (HandshakeForDeflation)
Event: 7637.537 Executing VM operation: HandshakeAllThreads (HandshakeForDeflation) done
Event: 7637.537 Executing VM operation: RendezvousGCThreads
Event: 7637.537 Executing VM operation: RendezvousGCThreads done
Event: 7697.681 Executing VM operation: HandshakeAllThreads (HandshakeForDeflation)
Event: 7697.683 Executing VM operation: HandshakeAllThreads (HandshakeForDeflation) done
Event: 7697.683 Executing VM operation: RendezvousGCThreads
Event: 7697.683 Executing VM operation: RendezvousGCThreads done

Memory protections (0 events):
No events

Nmethod flushes (20 events):
Event: 35.660 Thread 0x0000029a82f241e0 flushing  nmethod 0x0000029a86a6c110
Event: 35.660 Thread 0x0000029a82f241e0 flushing  nmethod 0x0000029a86a7b490
Event: 35.660 Thread 0x0000029a82f241e0 flushing  nmethod 0x0000029a86a7cd10
Event: 35.660 Thread 0x0000029a82f241e0 flushing  nmethod 0x0000029a86a7d310
Event: 35.660 Thread 0x0000029a82f241e0 flushing  nmethod 0x0000029a86a7db90
Event: 35.660 Thread 0x0000029a82f241e0 flushing  nmethod 0x0000029a86a7e290
Event: 35.660 Thread 0x0000029a82f241e0 flushing  nmethod 0x0000029a86a80690
Event: 35.660 Thread 0x0000029a82f241e0 flushing  nmethod 0x0000029a86aa5510
Event: 35.660 Thread 0x0000029a82f241e0 flushing  nmethod 0x0000029a86ab7a10
Event: 35.660 Thread 0x0000029a82f241e0 flushing osr nmethod 0x0000029a86ae1b90
Event: 35.660 Thread 0x0000029a82f241e0 flushing  nmethod 0x0000029a86b01a90
Event: 35.660 Thread 0x0000029a82f241e0 flushing  nmethod 0x0000029a86b05590
Event: 35.660 Thread 0x0000029a82f241e0 flushing  nmethod 0x0000029a86b0b790
Event: 35.660 Thread 0x0000029a82f241e0 flushing  nmethod 0x0000029a86b0bf10
Event: 35.660 Thread 0x0000029a82f241e0 flushing  nmethod 0x0000029a86b0dc10
Event: 35.660 Thread 0x0000029a82f241e0 flushing  nmethod 0x0000029a86b35890
Event: 35.660 Thread 0x0000029a82f241e0 flushing  nmethod 0x0000029a86b35c90
Event: 35.660 Thread 0x0000029a82f241e0 flushing  nmethod 0x0000029a86b7ea90
Event: 35.660 Thread 0x0000029a82f241e0 flushing  nmethod 0x0000029a86b7f610
Event: 35.660 Thread 0x0000029a82f241e0 flushing  nmethod 0x0000029a86b8a290

Events (20 events):
Event: 528.043 Thread 0x0000029ae5abbd20 Thread exited: 0x0000029ae5abbd20
Event: 583.569 Thread 0x0000029ae440a100 Thread exited: 0x0000029ae440a100
Event: 588.055 Thread 0x0000029ae5ab6140 Thread exited: 0x0000029ae5ab6140
Event: 643.576 Thread 0x0000029ae440c1d0 Thread exited: 0x0000029ae440c1d0
Event: 648.061 Thread 0x0000029ae5aba970 Thread exited: 0x0000029ae5aba970
Event: 703.599 Thread 0x0000029ae440b4b0 Thread exited: 0x0000029ae440b4b0
Event: 708.081 Thread 0x0000029ae5ab88a0 Thread exited: 0x0000029ae5ab88a0
Event: 763.613 Thread 0x0000029ae440ae20 Thread exited: 0x0000029ae440ae20
Event: 3727.102 Thread 0x0000029ae4405f60 Thread added: 0x0000029ae45fd7c0
Event: 3728.106 Thread 0x0000029ae45fd7c0 Thread added: 0x0000029ae45fde50
Event: 3728.108 Thread 0x0000029ae45fde50 Thread added: 0x0000029ae45fb060
Event: 3728.108 Thread 0x0000029ae45fd7c0 Thread added: 0x0000029ae45fc410
Event: 3728.109 Thread 0x0000029ae45fb060 Thread added: 0x0000029ae45feb70
Event: 3799.431 Thread 0x0000029ae45fd7c0 Thread exited: 0x0000029ae45fd7c0
Event: 3859.419 Thread 0x0000029ae45fde50 Thread exited: 0x0000029ae45fde50
Event: 3869.258 Thread 0x0000029ae44086c0 Thread added: 0x0000029ae45fb6f0
Event: 3870.808 Thread 0x0000029ae4404bb0 Thread exited: 0x0000029ae4404bb0
Event: 3919.433 Thread 0x0000029ae45fc410 Thread exited: 0x0000029ae45fc410
Event: 3979.445 Thread 0x0000029ae45fb060 Thread exited: 0x0000029ae45fb060
Event: 4039.451 Thread 0x0000029ae45feb70 Thread exited: 0x0000029ae45feb70


Dynamic libraries:
0x00007ff681bf0000 - 0x00007ff681bfe000 	c:\Users\84934\.vscode\extensions\redhat.java-1.44.0-win32-x64\jre\21.0.8-win32-x86_64\bin\java.exe
0x00007ffbcc2c0000 - 0x00007ffbcc527000 	C:\WINDOWS\SYSTEM32\ntdll.dll
0x00007ffbca600000 - 0x00007ffbca6c9000 	C:\WINDOWS\System32\KERNEL32.DLL
0x00007ffbc98f0000 - 0x00007ffbc9ce0000 	C:\WINDOWS\System32\KERNELBASE.dll
0x00007ffbc9620000 - 0x00007ffbc976b000 	C:\WINDOWS\System32\ucrtbase.dll
0x00007ffb37f20000 - 0x00007ffb37f3e000 	c:\Users\84934\.vscode\extensions\redhat.java-1.44.0-win32-x64\jre\21.0.8-win32-x86_64\bin\VCRUNTIME140.dll
0x00007ffb5ae90000 - 0x00007ffb5aea8000 	c:\Users\84934\.vscode\extensions\redhat.java-1.44.0-win32-x64\jre\21.0.8-win32-x86_64\bin\jli.dll
0x00007ffbcb8e0000 - 0x00007ffbcbaa5000 	C:\WINDOWS\System32\USER32.dll
0x00007ffbabe50000 - 0x00007ffbac0ea000 	C:\WINDOWS\WinSxS\amd64_microsoft.windows.common-controls_6595b64144ccf1df_6.0.26100.4768_none_3e0c112ce331287c\COMCTL32.dll
0x00007ffbc93f0000 - 0x00007ffbc9417000 	C:\WINDOWS\System32\win32u.dll
0x00007ffbca180000 - 0x00007ffbca229000 	C:\WINDOWS\System32\msvcrt.dll
0x00007ffbcadd0000 - 0x00007ffbcadfb000 	C:\WINDOWS\System32\GDI32.dll
0x00007ffbc9cf0000 - 0x00007ffbc9e28000 	C:\WINDOWS\System32\gdi32full.dll
0x00007ffbc9570000 - 0x00007ffbc9613000 	C:\WINDOWS\System32\msvcp_win.dll
0x00007ffbcaff0000 - 0x00007ffbcb01f000 	C:\WINDOWS\System32\IMM32.DLL
0x00007ffb7acc0000 - 0x00007ffb7accc000 	c:\Users\84934\.vscode\extensions\redhat.java-1.44.0-win32-x64\jre\21.0.8-win32-x86_64\bin\vcruntime140_1.dll
0x00007ffb2fe70000 - 0x00007ffb2fefd000 	c:\Users\84934\.vscode\extensions\redhat.java-1.44.0-win32-x64\jre\21.0.8-win32-x86_64\bin\msvcp140.dll
0x00007ffb2f0d0000 - 0x00007ffb2fe67000 	c:\Users\84934\.vscode\extensions\redhat.java-1.44.0-win32-x64\jre\21.0.8-win32-x86_64\bin\server\jvm.dll
0x00007ffbcad10000 - 0x00007ffbcadc4000 	C:\WINDOWS\System32\ADVAPI32.dll
0x00007ffbca800000 - 0x00007ffbca8a6000 	C:\WINDOWS\System32\sechost.dll
0x00007ffbca440000 - 0x00007ffbca558000 	C:\WINDOWS\System32\RPCRT4.dll
0x00007ffbcac90000 - 0x00007ffbcad04000 	C:\WINDOWS\System32\WS2_32.dll
0x00007ffbc9250000 - 0x00007ffbc92ae000 	C:\WINDOWS\SYSTEM32\POWRPROF.dll
0x00007ffbb1e80000 - 0x00007ffbb1eb5000 	C:\WINDOWS\SYSTEM32\WINMM.dll
0x00007ffbc1f60000 - 0x00007ffbc1f6b000 	C:\WINDOWS\SYSTEM32\VERSION.dll
0x00007ffbc9230000 - 0x00007ffbc9244000 	C:\WINDOWS\SYSTEM32\UMPDC.dll
0x00007ffbc8130000 - 0x00007ffbc814b000 	C:\WINDOWS\SYSTEM32\kernel.appcore.dll
0x00007ffb724a0000 - 0x00007ffb724aa000 	c:\Users\84934\.vscode\extensions\redhat.java-1.44.0-win32-x64\jre\21.0.8-win32-x86_64\bin\jimage.dll
0x00007ffbc6850000 - 0x00007ffbc6a91000 	C:\WINDOWS\SYSTEM32\DBGHELP.DLL
0x00007ffbca8b0000 - 0x00007ffbcac35000 	C:\WINDOWS\System32\combase.dll
0x00007ffbcae00000 - 0x00007ffbcaee0000 	C:\WINDOWS\System32\OLEAUT32.dll
0x00007ffb95490000 - 0x00007ffb954d3000 	C:\WINDOWS\SYSTEM32\dbgcore.DLL
0x00007ffbc9e30000 - 0x00007ffbc9ec9000 	C:\WINDOWS\System32\bcryptPrimitives.dll
0x00007ffb5b370000 - 0x00007ffb5b37f000 	c:\Users\84934\.vscode\extensions\redhat.java-1.44.0-win32-x64\jre\21.0.8-win32-x86_64\bin\instrument.dll
0x00007ffb2f0b0000 - 0x00007ffb2f0cf000 	c:\Users\84934\.vscode\extensions\redhat.java-1.44.0-win32-x64\jre\21.0.8-win32-x86_64\bin\java.dll
0x00007ffbcbac0000 - 0x00007ffbcc20d000 	C:\WINDOWS\System32\SHELL32.dll
0x00007ffbc9ed0000 - 0x00007ffbca043000 	C:\WINDOWS\System32\wintypes.dll
0x00007ffbc6fb0000 - 0x00007ffbc7810000 	C:\WINDOWS\SYSTEM32\windows.storage.dll
0x00007ffbca070000 - 0x00007ffbca165000 	C:\WINDOWS\System32\SHCORE.dll
0x00007ffbcc210000 - 0x00007ffbcc27a000 	C:\WINDOWS\System32\shlwapi.dll
0x00007ffbc9310000 - 0x00007ffbc9339000 	C:\WINDOWS\SYSTEM32\profapi.dll
0x00007ffb2f090000 - 0x00007ffb2f0a8000 	c:\Users\84934\.vscode\extensions\redhat.java-1.44.0-win32-x64\jre\21.0.8-win32-x86_64\bin\zip.dll
0x00007ffb5b210000 - 0x00007ffb5b220000 	C:\Users\84934\.vscode\extensions\redhat.java-1.44.0-win32-x64\jre\21.0.8-win32-x86_64\bin\net.dll
0x00007ffbc1030000 - 0x00007ffbc114e000 	C:\WINDOWS\SYSTEM32\WINHTTP.dll
0x00007ffbc86e0000 - 0x00007ffbc874b000 	C:\WINDOWS\system32\mswsock.dll
0x00007ffb2f070000 - 0x00007ffb2f086000 	C:\Users\84934\.vscode\extensions\redhat.java-1.44.0-win32-x64\jre\21.0.8-win32-x86_64\bin\nio.dll
0x00007ffb58b70000 - 0x00007ffb58b80000 	c:\Users\84934\.vscode\extensions\redhat.java-1.44.0-win32-x64\jre\21.0.8-win32-x86_64\bin\verify.dll
0x00007ffb2b040000 - 0x00007ffb2b085000 	C:\Users\84934\AppData\Roaming\Code\User\globalStorage\redhat.java\1.44.0\config_win\org.eclipse.equinox.launcher\org.eclipse.equinox.launcher.win32.win32.x86_64_1.2.1400.v20250730-1736\eclipse_11913.dll
0x00007ffbcb540000 - 0x00007ffbcb6e0000 	C:\WINDOWS\System32\ole32.dll
0x00007ffbc89c0000 - 0x00007ffbc89db000 	C:\WINDOWS\SYSTEM32\CRYPTSP.dll
0x00007ffbc8090000 - 0x00007ffbc80cb000 	C:\WINDOWS\system32\rsaenh.dll
0x00007ffbc8780000 - 0x00007ffbc87ab000 	C:\WINDOWS\SYSTEM32\USERENV.dll
0x00007ffbc92e0000 - 0x00007ffbc9306000 	C:\WINDOWS\SYSTEM32\bcrypt.dll
0x00007ffbc89e0000 - 0x00007ffbc89ec000 	C:\WINDOWS\SYSTEM32\CRYPTBASE.dll
0x00007ffbc7b20000 - 0x00007ffbc7b53000 	C:\WINDOWS\SYSTEM32\IPHLPAPI.DLL
0x00007ffbca230000 - 0x00007ffbca23a000 	C:\WINDOWS\System32\NSI.dll
0x00007ffb2c690000 - 0x00007ffb2c6d9000 	C:\Users\84934\AppData\Local\Temp\jna--803948242\jna12848654259380278357.dll
0x00007ffbca170000 - 0x00007ffbca178000 	C:\WINDOWS\System32\PSAPI.DLL
0x00007ffbc0ef0000 - 0x00007ffbc0f0f000 	C:\WINDOWS\SYSTEM32\dhcpcsvc6.DLL
0x00007ffbc0c70000 - 0x00007ffbc0c95000 	C:\WINDOWS\SYSTEM32\dhcpcsvc.DLL

JVMTI agents:
c:\Users\84934\.vscode\extensions\redhat.java-1.44.0-win32-x64\lombok\lombok-1.18.39-4050.jar path:c:\Users\84934\.vscode\extensions\redhat.java-1.44.0-win32-x64\jre\21.0.8-win32-x86_64\bin\instrument.dll, loaded, initialized, instrumentlib options:none

dbghelp: loaded successfully - version: 4.0.5 - missing functions: none
symbol engine: initialized successfully - sym options: 0x614 - pdb path: .;c:\Users\84934\.vscode\extensions\redhat.java-1.44.0-win32-x64\jre\21.0.8-win32-x86_64\bin;C:\WINDOWS\SYSTEM32;C:\WINDOWS\WinSxS\amd64_microsoft.windows.common-controls_6595b64144ccf1df_6.0.26100.4768_none_3e0c112ce331287c;c:\Users\84934\.vscode\extensions\redhat.java-1.44.0-win32-x64\jre\21.0.8-win32-x86_64\bin\server;C:\Users\84934\AppData\Roaming\Code\User\globalStorage\redhat.java\1.44.0\config_win\org.eclipse.equinox.launcher\org.eclipse.equinox.launcher.win32.win32.x86_64_1.2.1400.v20250730-1736;C:\Users\84934\AppData\Local\Temp\jna--803948242

VM Arguments:
jvm_args: --add-modules=ALL-SYSTEM --add-opens=java.base/java.util=ALL-UNNAMED --add-opens=java.base/java.lang=ALL-UNNAMED --add-opens=java.base/sun.nio.fs=ALL-UNNAMED -Declipse.application=org.eclipse.jdt.ls.core.id1 -Dosgi.bundles.defaultStartLevel=4 -Declipse.product=org.eclipse.jdt.ls.core.product -Djava.import.generatesMetadataFilesAtProjectRoot=false -DDetectVMInstallationsJob.disabled=true -Dfile.encoding=utf8 -XX:+UseParallelGC -XX:GCTimeRatio=4 -XX:AdaptiveSizePolicyWeight=90 -Dsun.zip.disableMemoryMapping=true -Xmx2G -Xms100m -Xlog:disable -javaagent:c:\Users\84934\.vscode\extensions\redhat.java-1.44.0-win32-x64\lombok\lombok-1.18.39-4050.jar -XX:+HeapDumpOnOutOfMemoryError -XX:HeapDumpPath=c:\Users\84934\AppData\Roaming\Code\User\workspaceStorage\afe4984dbe1ab0e76ba5fdadc2a63858\redhat.java -Daether.dependencyCollector.impl=bf 
java_command: c:\Users\84934\.vscode\extensions\redhat.java-1.44.0-win32-x64\server\plugins\org.eclipse.equinox.launcher_1.7.0.v20250519-0528.jar -configuration c:\Users\84934\AppData\Roaming\Code\User\globalStorage\redhat.java\1.44.0\config_win -data c:\Users\84934\AppData\Roaming\Code\User\workspaceStorage\afe4984dbe1ab0e76ba5fdadc2a63858\redhat.java\jdt_ws --pipe=\\.\pipe\lsp-d23102e9fd82a775fdae65de7986d98a-sock
java_class_path (initial): c:\Users\84934\.vscode\extensions\redhat.java-1.44.0-win32-x64\server\plugins\org.eclipse.equinox.launcher_1.7.0.v20250519-0528.jar
Launcher Type: SUN_STANDARD

[Global flags]
    uintx AdaptiveSizePolicyWeight                 = 90                                        {product} {command line}
     intx CICompilerCount                          = 4                                         {product} {ergonomic}
    uintx GCTimeRatio                              = 4                                         {product} {command line}
     bool HeapDumpOnOutOfMemoryError               = true                                   {manageable} {command line}
    ccstr HeapDumpPath                             = c:\Users\84934\AppData\Roaming\Code\User\workspaceStorage\afe4984dbe1ab0e76ba5fdadc2a63858\redhat.java         {manageable} {command line}
   size_t InitialHeapSize                          = 104857600                                 {product} {command line}
   size_t MaxHeapSize                              = 2147483648                                {product} {command line}
   size_t MaxNewSize                               = 715653120                                 {product} {ergonomic}
   size_t MinHeapDeltaBytes                        = 524288                                    {product} {ergonomic}
   size_t MinHeapSize                              = 104857600                                 {product} {command line}
   size_t NewSize                                  = 34603008                                  {product} {ergonomic}
    uintx NonNMethodCodeHeapSize                   = 5839372                                {pd product} {ergonomic}
    uintx NonProfiledCodeHeapSize                  = 122909434                              {pd product} {ergonomic}
   size_t OldSize                                  = 70254592                                  {product} {ergonomic}
    uintx ProfiledCodeHeapSize                     = 122909434                              {pd product} {ergonomic}
    uintx ReservedCodeCacheSize                    = 251658240                              {pd product} {ergonomic}
     bool SegmentedCodeCache                       = true                                      {product} {ergonomic}
   size_t SoftMaxHeapSize                          = 2147483648                             {manageable} {ergonomic}
     bool UseCompressedOops                        = true                           {product lp64_product} {ergonomic}
     bool UseLargePagesIndividualAllocation        = false                                  {pd product} {ergonomic}
     bool UseParallelGC                            = true                                      {product} {command line}

Logging:
Log output configuration:
 #0: stdout all=off uptime,level,tags foldmultilines=false
 #1: stderr all=off uptime,level,tags foldmultilines=false

Environment Variables:
JAVA_HOME=C:\Program Files\Java\jdk-24
PATH=C:\Program Files\Common Files\Oracle\Java\javapath;C:\Program Files (x86)\VMware\VMware Workstation\bin\;C:\Program Files (x86)\Common Files\Intel\Shared Files\cpp\bin\Intel64;C:\Windows\system32;C:\Windows;C:\Windows\System32\Wbem;C:\Windows\System32\WindowsPowerShell\v1.0\;C:\Windows\System32\OpenSSH\;C:\Program Files (x86)\NVIDIA Corporation\PhysX\Common;C:\Program Files\NVIDIA Corporation\NVIDIA NvDLISR;C:\WINDOWS\system32;C:\WINDOWS;C:\WINDOWS\System32\Wbem;C:\WINDOWS\System32\WindowsPowerShell\v1.0\;C:\WINDOWS\System32\OpenSSH\;C:\Program Files (x86)\Windows Kits\10\Windows Performance Toolkit\;C:\Program Files\Git\cmd;C:\Program Files\dotnet\;C:\Program Files\Docker\Docker\resources\bin;C:\Program Files\nodejs\;C:\apache-maven-3.9.11\bin\;C:\Program Files\Java\jdk-24\bin\;%OPENSSL_HOME%\bin\;C:\Users\84934\Downloads\protoc-32.0-win64\bin;C:\Program Files\Go\bin;C:\Users\84934\go\bin;C:\Program Files\Common Files\Oracle\Java\javapath;C:\Program Files (x86)\VMware\VMware Workstation\bin\;C:\Program Files (x86)\Common Files\Intel\Shared Files\cpp\bin\Intel64;C:\Windows\system32;C:\Windows;C:\Windows\System32\Wbem;C:\Windows\System32\WindowsPowerShell\v1.0\;C:\Windows\System32\OpenSSH\;C:\Program Files (x86)\NVIDIA Corporation\PhysX\Common;C:\Program Files\NVIDIA Corporation\NVIDIA NvDLISR;C:\WINDOWS\system32;C:\WINDOWS;C:\WINDOWS\System32\Wbem;C:\WINDOWS\System32\WindowsPowerShell\v1.0\;C:\WINDOWS\System32\OpenSSH\;C:\Program Files (x86)\Windows Kits\10\Windows Performance Toolkit\;C:\Program Files\Git\cmd;C:\Program Files\dotnet\;C:\Program Files\Docker\Docker\resources\bin;C:\Program Files\nodejs\;C:\apache-maven-3.9.11\bin\;C:\Program Files\Java\jdk-24\bin\;%OPENSSL_HOME%\bin\;C:\Users\84934\Downloads\protoc-32.0-win64\bin;C:\Program Files\Go\bin;C:\Users\84934\go\bin;C:\Users\84934\AppData\Local\Programs\Python\Python312\Scripts\;C:\Users\84934\AppData\Local\Programs\Python\Python312\;C:\Users\84934\AppData\Local\Programs\Python\Launcher\;C:\Users\84934\AppData\Local\Microsoft\WindowsApps;C:\Users\84934\AppData\Local\Programs\Microsoft VS Code\bin;C:\Users\84934\AppData\Roaming\npm;C:\Users\84934\.dotnet\tools;C:\Users\84934\AppData\Local\GitHubDesktop\bin;C:\Users\84934\go\bin;
USERNAME=thanhtran95
OS=Windows_NT
PROCESSOR_IDENTIFIER=Intel64 Family 6 Model 141 Stepping 1, GenuineIntel
TMP=C:\Users\84934\AppData\Local\Temp
TEMP=C:\Users\84934\AppData\Local\Temp




Periodic native trim disabled

---------------  S Y S T E M  ---------------

OS:
 Windows 11 , 64 bit Build 26100 (10.0.26100.4768)
OS uptime: 0 days 2:12 hours
Hyper-V role detected

CPU: total 12 (initial active 12) (6 cores per cpu, 2 threads per core) family 6 model 141 stepping 1 microcode 0x26, cx8, cmov, fxsr, ht, mmx, 3dnowpref, sse, sse2, sse3, ssse3, sse4.1, sse4.2, popcnt, lzcnt, tsc, tscinvbit, avx, avx2, aes, erms, clmul, bmi1, bmi2, adx, avx512f, avx512dq, avx512cd, avx512bw, avx512vl, sha, fma, vzeroupper, avx512_vpopcntdq, avx512_vpclmulqdq, avx512_vaes, avx512_vnni, clflush, clflushopt, clwb, avx512_vbmi2, avx512_vbmi, hv, rdtscp, rdpid, fsrm, gfni, avx512_bitalg, f16c, cet_ibt, cet_ss, avx512_ifma
Processor Information for the first 12 processors :
  Max Mhz: 2688, Current Mhz: 2688, Mhz Limit: 2688

Memory: 4k page, system-wide physical 7893M (442M free)
TotalPageFile size 20705M (AvailPageFile size 85M)
current process WorkingSet (physical memory assigned to process): 7M, peak: 923M
current process commit charge ("private bytes"): 933M, peak: 954M

vm_info: OpenJDK 64-Bit Server VM (21.0.8+9-LTS) for windows-amd64 JRE (21.0.8+9-LTS), built on 2025-07-15T00:00:00Z by "admin" with MS VC++ 17.7 (VS2022)

END.
